Using pre-set license
Built from '2020.2/staging' branch; Version is '2020.2.6f1 (8a2143876886) revision 9052483'; Using compiler version '192528614'; Build Type 'Release'
OS: 'Windows 10 Home Single Language; OS build 19043.1348; Version 2009; 64bit' Language: 'es' Physical Memory: 24449 MB
BatchMode: 1, IsHumanControllingUs: 0, StartBugReporterOnCrash: 0, Is64bit: 1, IsPro: 0

 COMMAND LINE ARGUMENTS:
C:\Program Files\Unity\Hub\Editor\2020.2.6f1\Editor\Unity.exe
-adb2
-batchMode
-noUpm
-name
AssetImportWorker0
-projectPath
D:/Escritorio/Act integradora/Actividad_Integradora/Actividad integradora
-logFile
Logs/AssetImportWorker0.log
-srvPort
62633
Successfully changed project path to: D:/Escritorio/Act integradora/Actividad_Integradora/Actividad integradora
D:/Escritorio/Act integradora/Actividad_Integradora/Actividad integradora
Using Asset Import Pipeline V2.
Refreshing native plugins compatible for Editor in 32.48 ms, found 0 plugins.
Preloading 0 native plugins for Editor in 0.00 ms.
Initialize engine version: 2020.2.6f1 (8a2143876886)
[Subsystems] Discovering subsystems at path C:/Program Files/Unity/Hub/Editor/2020.2.6f1/Editor/Data/Resources/UnitySubsystems
[Subsystems] Discovering subsystems at path D:/Escritorio/Act integradora/Actividad_Integradora/Actividad integradora/Assets
GfxDevice: creating device client; threaded=0
Direct3D:
    Version:  Direct3D 11.0 [level 11.1]
    Renderer: NVIDIA GeForce GTX 1050 (ID=0x1c8d)
    Vendor:   
    VRAM:     4019 MB
    Driver:   30.0.14.9676
Initialize mono
Mono path[0] = 'C:/Program Files/Unity/Hub/Editor/2020.2.6f1/Editor/Data/Managed'
Mono path[1] = 'C:/Program Files/Unity/Hub/Editor/2020.2.6f1/Editor/Data/MonoBleedingEdge/lib/mono/unityjit'
Mono config path = 'C:/Program Files/Unity/Hub/Editor/2020.2.6f1/Editor/Data/MonoBleedingEdge/etc'
Using monoOptions --debugger-agent=transport=dt_socket,embedding=1,server=y,suspend=n,address=127.0.0.1:56344
Begin MonoManager ReloadAssembly
Registering precompiled unity dll's ...
Register platform support module: C:/Program Files/Unity/Hub/Editor/2020.2.6f1/Editor/Data/PlaybackEngines/WebGLSupport/UnityEditor.WebGL.Extensions.dll
Register platform support module: C:/Program Files/Unity/Hub/Editor/2020.2.6f1/Editor/Data/PlaybackEngines/MacStandaloneSupport/UnityEditor.OSXStandalone.Extensions.dll
Register platform support module: C:/Program Files/Unity/Hub/Editor/2020.2.6f1/Editor/Data/PlaybackEngines/WindowsStandaloneSupport/UnityEditor.WindowsStandalone.Extensions.dll
Registered in 0.003546 seconds.
Native extension for WindowsStandalone target not found
Native extension for OSXStandalone target not found
Native extension for WebGL target not found
Refreshing native plugins compatible for Editor in 31.30 ms, found 0 plugins.
Preloading 0 native plugins for Editor in 0.00 ms.
Invoked RoslynAnalysisRunner static constructor.
RoslynAnalysisRunner will not be running.
RoslynAnalysisRunner has terminated.
Mono: successfully reloaded assembly
- Completed reload, in  2.330 seconds
Platform modules already initialized, skipping
Registering precompiled user dll's ...
Registered in 0.000632 seconds.
Begin MonoManager ReloadAssembly
Native extension for WindowsStandalone target not found
Native extension for OSXStandalone target not found
Native extension for WebGL target not found
Refreshing native plugins compatible for Editor in 0.27 ms, found 0 plugins.
Preloading 0 native plugins for Editor in 0.00 ms.
Invoked RoslynAnalysisRunner static constructor.
RoslynAnalysisRunner will not be running.
RoslynAnalysisRunner has terminated.
Mono: successfully reloaded assembly
- Completed reload, in  0.917 seconds
Platform modules already initialized, skipping
========================================================================
Worker process is ready to serve import requests
Launched and connected shader compiler UnityShaderCompiler.exe after 0.06 seconds
Refreshing native plugins compatible for Editor in 0.25 ms, found 0 plugins.
Preloading 0 native plugins for Editor in 0.00 ms.
Unloading 1470 Unused Serialized files (Serialized files now loaded: 0)
System memory in use before: 73.9 MB.
System memory in use after: 73.9 MB.

Unloading 10 unused Assets to reduce memory usage. Loaded Objects now: 1917.
Total: 2.601100 ms (FindLiveObjects: 0.169200 ms CreateObjectMapping: 0.055600 ms MarkObjects: 2.276400 ms  DeleteObjects: 0.098900 ms)

========================================================================
Received Import Request.
  path: Assets/TopDown small Dungeon pack/Materials/Textures/flor_mat_normal.png
  artifactKey: Guid(cb22eede30ed74643a2dba2c39cf90ca) Importer(815301076,1909f56bfc062723c751e8b465ee728b)
Start importing Assets/TopDown small Dungeon pack/Materials/Textures/flor_mat_normal.png using Guid(cb22eede30ed74643a2dba2c39cf90ca) Importer(815301076,1909f56bfc062723c751e8b465ee728b)  -> (artifact id: 'c894be2ac66bd678b83a6c3526097aca') in 0.087341 seconds
  Import took 0.091946 seconds .

========================================================================
Received Import Request.
  Time since last request: 0.004568 seconds.
  path: Assets/TopDown small Dungeon pack/Scenes/Demo_level.unity
  artifactKey: Guid(d5d6aacb74d4c5b4497418ff131d4d54) Importer(815301076,1909f56bfc062723c751e8b465ee728b)
Start importing Assets/TopDown small Dungeon pack/Scenes/Demo_level.unity using Guid(d5d6aacb74d4c5b4497418ff131d4d54) Importer(815301076,1909f56bfc062723c751e8b465ee728b)  -> (artifact id: 'ed10aec20459aa3ecc50f01e61b1fb58') in 0.002400 seconds
  Import took 0.004700 seconds .

========================================================================
Received Import Request.
  Time since last request: 0.009828 seconds.
  path: Assets/Cube Robot/Prefabs/CubeRobot.prefab
  artifactKey: Guid(e61644cda34b87546aebd9be31db1457) Importer(815301076,1909f56bfc062723c751e8b465ee728b)
Start importing Assets/Cube Robot/Prefabs/CubeRobot.prefab using Guid(e61644cda34b87546aebd9be31db1457) Importer(815301076,1909f56bfc062723c751e8b465ee728b)  -> (artifact id: '6a5721bded4359a9f6c9c193bd8fea4e') in 0.062207 seconds
  Import took 0.065450 seconds .

========================================================================
Received Import Request.
  Time since last request: 0.012715 seconds.
  path: Assets/Cube Robot/demo/Lighting/LightingData.asset
  artifactKey: Guid(69fb19d9660bc99498c629c8ccd0d744) Importer(815301076,1909f56bfc062723c751e8b465ee728b)
Start importing Assets/Cube Robot/demo/Lighting/LightingData.asset using Guid(69fb19d9660bc99498c629c8ccd0d744) Importer(815301076,1909f56bfc062723c751e8b465ee728b)  -> (artifact id: '9b68c5125ceb6d4ffd3ab2990f5292de') in 0.004786 seconds
  Import took 0.007195 seconds .

========================================================================
Received Import Request.
  Time since last request: 0.008715 seconds.
  path: Assets/Shelf/shelf_D.tga
  artifactKey: Guid(ce704d9941b406b479afcf033b8ece91) Importer(815301076,1909f56bfc062723c751e8b465ee728b)
Start importing Assets/Shelf/shelf_D.tga using Guid(ce704d9941b406b479afcf033b8ece91) Importer(815301076,1909f56bfc062723c751e8b465ee728b)  -> (artifact id: '252fc51937a209360d3cb3727033b306') in 0.009097 seconds
  Import took 0.011458 seconds .

========================================================================
Received Import Request.
  Time since last request: 0.003608 seconds.
  path: Assets/Cube Robot/Animators/Engine.controller
  artifactKey: Guid(a9f4f0fc8297b924fb389aae289d7841) Importer(815301076,1909f56bfc062723c751e8b465ee728b)
Start importing Assets/Cube Robot/Animators/Engine.controller using Guid(a9f4f0fc8297b924fb389aae289d7841) Importer(815301076,1909f56bfc062723c751e8b465ee728b)  -> (artifact id: 'ac43cbb76d90777b05ab2cf0928a2449') in 0.004610 seconds
  Import took 0.006954 seconds .

========================================================================
Received Import Request.
  Time since last request: 0.011704 seconds.
  path: Assets/Cube Robot/demo/Models/roomsample.prefab
  artifactKey: Guid(717901c6e48c7ef4fa55defb97447596) Importer(815301076,1909f56bfc062723c751e8b465ee728b)
Start importing Assets/Cube Robot/demo/Models/roomsample.prefab using Guid(717901c6e48c7ef4fa55defb97447596) Importer(815301076,1909f56bfc062723c751e8b465ee728b)  -> (artifact id: '2403d07fcd4fa67fd82bd22ee5db2c97') in 0.011481 seconds
  Import took 0.014050 seconds .

========================================================================
Received Import Request.
  Time since last request: 0.003586 seconds.
  path: Assets/Scripts/GameManager.cs
  artifactKey: Guid(c0b8f0a6c46d6474a88f6860b140f02e) Importer(815301076,1909f56bfc062723c751e8b465ee728b)
Start importing Assets/Scripts/GameManager.cs using Guid(c0b8f0a6c46d6474a88f6860b140f02e) Importer(815301076,1909f56bfc062723c751e8b465ee728b)  -> (artifact id: 'fbc510b5f2d79e9e91281007d4a1042e') in 0.004620 seconds
  Import took 0.006992 seconds .

========================================================================
Received Import Request.
  Time since last request: 0.002416 seconds.
  path: Assets/Cube Robot/demo/Models
  artifactKey: Guid(6fd73eef0f7671b468e704bb9b764a56) Importer(815301076,1909f56bfc062723c751e8b465ee728b)
Start importing Assets/Cube Robot/demo/Models using Guid(6fd73eef0f7671b468e704bb9b764a56) Importer(815301076,1909f56bfc062723c751e8b465ee728b)  -> (artifact id: 'ec57dc61931c163e8c1d820cfad5db2b') in 0.001576 seconds
  Import took 0.003582 seconds .

========================================================================
Received Import Request.
  Time since last request: 0.003400 seconds.
  path: Assets/LowPolyDungeonsLite/LowPolyDungeonsLite_LWRP_2018.4.unitypackage
  artifactKey: Guid(0253ec9ef39216e47baa99d7776ecb22) Importer(815301076,1909f56bfc062723c751e8b465ee728b)
Start importing Assets/LowPolyDungeonsLite/LowPolyDungeonsLite_LWRP_2018.4.unitypackage using Guid(0253ec9ef39216e47baa99d7776ecb22) Importer(815301076,1909f56bfc062723c751e8b465ee728b)  -> (artifact id: 'fb0405c7809ae7dc6c08eaaf8a361c04') in 0.004742 seconds
  Import took 0.007208 seconds .

========================================================================
Received Import Request.
  Time since last request: 0.008110 seconds.
  path: Assets/TopDown small Dungeon pack/Scenes/All_Prefabs.unity
  artifactKey: Guid(9d819874556425844b7c2ded77527b6d) Importer(815301076,1909f56bfc062723c751e8b465ee728b)
Start importing Assets/TopDown small Dungeon pack/Scenes/All_Prefabs.unity using Guid(9d819874556425844b7c2ded77527b6d) Importer(815301076,1909f56bfc062723c751e8b465ee728b)  -> (artifact id: 'e609cc772531efb03d85ca0ba26496f4') in 0.002482 seconds
  Import took 0.005109 seconds .

========================================================================
Received Import Request.
  Time since last request: 0.010545 seconds.
  path: Assets/Models/Drone/Materials/Drone_NormalMap.png
  artifactKey: Guid(a59cc7b216a2f2a46bfd0f5e0eae88d2) Importer(815301076,1909f56bfc062723c751e8b465ee728b)
Start importing Assets/Models/Drone/Materials/Drone_NormalMap.png using Guid(a59cc7b216a2f2a46bfd0f5e0eae88d2) Importer(815301076,1909f56bfc062723c751e8b465ee728b)  -> (artifact id: '49e792a7b2f515002f1e9dce3c06aed6') in 0.018263 seconds
  Import took 0.020753 seconds .

========================================================================
Received Import Request.
  Time since last request: 0.008190 seconds.
  path: Assets/Cube Robot/demo/Scripts
  artifactKey: Guid(abceb585e30d1c943824467a19367c43) Importer(815301076,1909f56bfc062723c751e8b465ee728b)
Start importing Assets/Cube Robot/demo/Scripts using Guid(abceb585e30d1c943824467a19367c43) Importer(815301076,1909f56bfc062723c751e8b465ee728b)  -> (artifact id: '153dee335025f34690858b85a6b31eac') in 0.001675 seconds
  Import took 0.003863 seconds .

========================================================================
Received Import Request.
  Time since last request: 0.003032 seconds.
  path: Assets/TopDown small Dungeon pack/Materials/Textures/wall_mat_height.png
  artifactKey: Guid(60972f69818dbcf449602095c1392f23) Importer(815301076,1909f56bfc062723c751e8b465ee728b)
Start importing Assets/TopDown small Dungeon pack/Materials/Textures/wall_mat_height.png using Guid(60972f69818dbcf449602095c1392f23) Importer(815301076,1909f56bfc062723c751e8b465ee728b)  -> (artifact id: '4539ec00445b19ae09e0457ba9ed8a59') in 0.006409 seconds
  Import took 0.008746 seconds .

========================================================================
Received Import Request.
  Time since last request: 0.010688 seconds.
  path: Assets/Models/Demo Scene/DemoSettings.lighting
  artifactKey: Guid(b7cbbf327c9b8ff49b362d946dcfdfa2) Importer(815301076,1909f56bfc062723c751e8b465ee728b)
Start importing Assets/Models/Demo Scene/DemoSettings.lighting using Guid(b7cbbf327c9b8ff49b362d946dcfdfa2) Importer(815301076,1909f56bfc062723c751e8b465ee728b) LightingSettings: switching bake backend from 1 to 0.
 -> (artifact id: '3fb0dcdd39556ce615de119fa45ceb4c') in 0.004238 seconds
  Import took 0.006833 seconds .

========================================================================
Received Import Request.
  Time since last request: 0.002348 seconds.
  path: Assets/TopDown small Dungeon pack/Mesh
  artifactKey: Guid(6703b755fad869044a005d85a2e61ef7) Importer(815301076,1909f56bfc062723c751e8b465ee728b)
Start importing Assets/TopDown small Dungeon pack/Mesh using Guid(6703b755fad869044a005d85a2e61ef7) Importer(815301076,1909f56bfc062723c751e8b465ee728b)  -> (artifact id: 'e2376b749d20f6419d1f8fe60d68c073') in 0.001946 seconds
  Import took 0.004364 seconds .

========================================================================
Received Import Request.
  Time since last request: 0.015276 seconds.
  path: Assets/Models/Drone
  artifactKey: Guid(5ec441f7639f9db41ac0329969fd280f) Importer(815301076,1909f56bfc062723c751e8b465ee728b)
Start importing Assets/Models/Drone using Guid(5ec441f7639f9db41ac0329969fd280f) Importer(815301076,1909f56bfc062723c751e8b465ee728b)  -> (artifact id: '802ac671f897faceef9ddcb50392cc21') in 0.001663 seconds
  Import took 0.003811 seconds .

========================================================================
Received Import Request.
  Time since last request: 0.011912 seconds.
  path: Assets/Cube Robot/demo/Textures
  artifactKey: Guid(8e4cd6225abd3884e9ec1c0b572a0f5b) Importer(815301076,1909f56bfc062723c751e8b465ee728b)
Start importing Assets/Cube Robot/demo/Textures using Guid(8e4cd6225abd3884e9ec1c0b572a0f5b) Importer(815301076,1909f56bfc062723c751e8b465ee728b)  -> (artifact id: 'e35ef822dffd1bf7e5cb0045e972eef8') in 0.001869 seconds
  Import took 0.003959 seconds .

========================================================================
Received Import Request.
  Time since last request: 0.004743 seconds.
  path: Assets/Cube Robot/demo/Lighting
  artifactKey: Guid(6e3f0a5ce34298c46a10035f43ac726a) Importer(815301076,1909f56bfc062723c751e8b465ee728b)
Start importing Assets/Cube Robot/demo/Lighting using Guid(6e3f0a5ce34298c46a10035f43ac726a) Importer(815301076,1909f56bfc062723c751e8b465ee728b)  -> (artifact id: '0f35a4d51cec28a01d5055225689df34') in 0.001917 seconds
  Import took 0.004135 seconds .

========================================================================
Received Import Request.
  Time since last request: 0.009111 seconds.
  path: Assets/LowPolyDungeonsLite/Scenes/LowPolyDungeonsLite_Demo.unity
  artifactKey: Guid(8fdb66b3d5f94c2488dec767fb72a89e) Importer(815301076,1909f56bfc062723c751e8b465ee728b)
Start importing Assets/LowPolyDungeonsLite/Scenes/LowPolyDungeonsLite_Demo.unity using Guid(8fdb66b3d5f94c2488dec767fb72a89e) Importer(815301076,1909f56bfc062723c751e8b465ee728b)  -> (artifact id: '0d8b189140a57fa2b4c9d8cb844d0b05') in 0.002561 seconds
  Import took 0.004912 seconds .

========================================================================
Received Import Request.
  Time since last request: 0.002832 seconds.
  path: Assets/Cube Robot/demo/Lighting/ReflectionProbe-0.exr
  artifactKey: Guid(25a028582b5200249b5889769edd6c89) Importer(815301076,1909f56bfc062723c751e8b465ee728b)
Start importing Assets/Cube Robot/demo/Lighting/ReflectionProbe-0.exr using Guid(25a028582b5200249b5889769edd6c89) Importer(815301076,1909f56bfc062723c751e8b465ee728b)  -> (artifact id: '1946b8d8de428dc7b7187adc9ef7cb8b') in 0.018652 seconds
  Import took 0.020892 seconds .

========================================================================
Received Import Request.
  Time since last request: 0.005437 seconds.
  path: Assets/Models/Drone/Drone.FBX
  artifactKey: Guid(28723f10c2a8e094a9351e892f5271b8) Importer(815301076,1909f56bfc062723c751e8b465ee728b)
Start importing Assets/Models/Drone/Drone.FBX using Guid(28723f10c2a8e094a9351e892f5271b8) Importer(815301076,1909f56bfc062723c751e8b465ee728b)  -> (artifact id: '43e9c94439a7e8e06a38bd4a32a93dec') in 0.049567 seconds
  Import took 0.052261 seconds .

========================================================================
Received Import Request.
  Time since last request: 0.002746 seconds.
  path: Assets/Models/Drone/Materials
  artifactKey: Guid(cb96e14a2be611d4fb326b2a7f2b03d3) Importer(815301076,1909f56bfc062723c751e8b465ee728b)
Start importing Assets/Models/Drone/Materials using Guid(cb96e14a2be611d4fb326b2a7f2b03d3) Importer(815301076,1909f56bfc062723c751e8b465ee728b)  -> (artifact id: '1337039fb6a71e8491cb59e937bd6b79') in 0.001506 seconds
  Import took 0.003581 seconds .

========================================================================
Received Import Request.
  Time since last request: 0.002978 seconds.
  path: Assets/Cube Robot/Textures/robotex2red.png
  artifactKey: Guid(8f565fa79f638d54ab8685d0af39a07b) Importer(815301076,1909f56bfc062723c751e8b465ee728b)
Start importing Assets/Cube Robot/Textures/robotex2red.png using Guid(8f565fa79f638d54ab8685d0af39a07b) Importer(815301076,1909f56bfc062723c751e8b465ee728b)  -> (artifact id: '042b952ae5e4332ed439d4106c1e819e') in 0.006036 seconds
  Import took 0.008382 seconds .

========================================================================
Received Import Request.
  Time since last request: 0.007055 seconds.
  path: Assets/TopDown small Dungeon pack/Materials/Textures/wall_mat_basecolor.png
  artifactKey: Guid(af36a194072bcde439b8d6dbd9bcb9e1) Importer(815301076,1909f56bfc062723c751e8b465ee728b)
Start importing Assets/TopDown small Dungeon pack/Materials/Textures/wall_mat_basecolor.png using Guid(af36a194072bcde439b8d6dbd9bcb9e1) Importer(815301076,1909f56bfc062723c751e8b465ee728b)  -> (artifact id: '69364e403415c12fdb42f96dee9d9498') in 0.007419 seconds
  Import took 0.009880 seconds .

========================================================================
Received Import Request.
  Time since last request: 0.004742 seconds.
  path: Assets/Scripts/WaypointMover.cs
  artifactKey: Guid(5c5e91270130d9445b3e657bd264f872) Importer(815301076,1909f56bfc062723c751e8b465ee728b)
Start importing Assets/Scripts/WaypointMover.cs using Guid(5c5e91270130d9445b3e657bd264f872) Importer(815301076,1909f56bfc062723c751e8b465ee728b)  -> (artifact id: 'b29b44a4d2b8a933a547807e8571f304') in 0.001936 seconds
  Import took 0.004101 seconds .

========================================================================
Received Import Request.
  Time since last request: 0.006142 seconds.
  path: Assets/TopDown small Dungeon pack/Materials/Textures/flor_mat_roughness.png
  artifactKey: Guid(14dcf5fa59445dc4f8d333ba1ebd4442) Importer(815301076,1909f56bfc062723c751e8b465ee728b)
Start importing Assets/TopDown small Dungeon pack/Materials/Textures/flor_mat_roughness.png using Guid(14dcf5fa59445dc4f8d333ba1ebd4442) Importer(815301076,1909f56bfc062723c751e8b465ee728b)  -> (artifact id: 'e376c2d405e900d59096150cfa616d0c') in 0.006096 seconds
  Import took 0.008460 seconds .

========================================================================
Received Import Request.
  Time since last request: 0.004947 seconds.
  path: Assets/Cube Robot/demo/Material
  artifactKey: Guid(7b03eb1d37d0e8a47964f010b4a1f719) Importer(815301076,1909f56bfc062723c751e8b465ee728b)
Start importing Assets/Cube Robot/demo/Material using Guid(7b03eb1d37d0e8a47964f010b4a1f719) Importer(815301076,1909f56bfc062723c751e8b465ee728b)  -> (artifact id: 'cd8170c01ba9127459dcbe7164368f50') in 0.002137 seconds
  Import took 0.004459 seconds .

========================================================================
Received Import Request.
  Time since last request: 0.012766 seconds.
  path: Assets/Cube Robot/Animators
  artifactKey: Guid(532fb4b2960dd944caa3b0723bcea78e) Importer(815301076,1909f56bfc062723c751e8b465ee728b)
Start importing Assets/Cube Robot/Animators using Guid(532fb4b2960dd944caa3b0723bcea78e) Importer(815301076,1909f56bfc062723c751e8b465ee728b)  -> (artifact id: '6de5551335486d8c0a810e45f592d10b') in 0.001947 seconds
  Import took 0.004304 seconds .

========================================================================
Received Import Request.
  Time since last request: 0.023210 seconds.
  path: Assets/Cube Robot/Scene/Model and floor only.unity
  artifactKey: Guid(a529ae464c46305418dada3f1950d084) Importer(815301076,1909f56bfc062723c751e8b465ee728b)
Start importing Assets/Cube Robot/Scene/Model and floor only.unity using Guid(a529ae464c46305418dada3f1950d084) Importer(815301076,1909f56bfc062723c751e8b465ee728b)  -> (artifact id: 'b741660915c82d09dfd27b72fc70a94e') in 0.002218 seconds
  Import took 0.004445 seconds .

========================================================================
Received Import Request.
  Time since last request: 0.004986 seconds.
  path: Assets/Cube Robot/demo
  artifactKey: Guid(cd85e9ff0dccd0142b5ffcce1024ea4b) Importer(815301076,1909f56bfc062723c751e8b465ee728b)
Start importing Assets/Cube Robot/demo using Guid(cd85e9ff0dccd0142b5ffcce1024ea4b) Importer(815301076,1909f56bfc062723c751e8b465ee728b)  -> (artifact id: '75cf58c219d5e815e7379dba062053b0') in 0.001865 seconds
  Import took 0.004092 seconds .

========================================================================
Received Import Request.
  Time since last request: 0.010032 seconds.
  path: Assets/Models/Drone/Materials/Drone_HeightMap.png
  artifactKey: Guid(e6a2eb6ad0d99f14d81094a17b32ffdf) Importer(815301076,1909f56bfc062723c751e8b465ee728b)
Start importing Assets/Models/Drone/Materials/Drone_HeightMap.png using Guid(e6a2eb6ad0d99f14d81094a17b32ffdf) Importer(815301076,1909f56bfc062723c751e8b465ee728b)  -> (artifact id: '91de3d5913ef21e2fc138fbdefba3b8a') in 0.007904 seconds
  Import took 0.010435 seconds .

========================================================================
Received Import Request.
  Time since last request: 0.006431 seconds.
  path: Assets/TopDown small Dungeon pack/Scenes/Room_preset.unity
  artifactKey: Guid(803d64d4461149041adcea43eebc7e6b) Importer(815301076,1909f56bfc062723c751e8b465ee728b)
Start importing Assets/TopDown small Dungeon pack/Scenes/Room_preset.unity using Guid(803d64d4461149041adcea43eebc7e6b) Importer(815301076,1909f56bfc062723c751e8b465ee728b)  -> (artifact id: '35f4f89c9dcdebdedc8b7c56ae4ab9b9') in 0.002434 seconds
  Import took 0.004839 seconds .

========================================================================
Received Import Request.
  Time since last request: 0.013866 seconds.
  path: Assets/LowPolyDungeonsLite/Scenes
  artifactKey: Guid(602f6ee0e183eab49a7d6a388a22808c) Importer(815301076,1909f56bfc062723c751e8b465ee728b)
Start importing Assets/LowPolyDungeonsLite/Scenes using Guid(602f6ee0e183eab49a7d6a388a22808c) Importer(815301076,1909f56bfc062723c751e8b465ee728b)  -> (artifact id: 'dff00353be1e8e3c79765e8d26dda1aa') in 0.001740 seconds
  Import took 0.004093 seconds .

========================================================================
Received Import Request.
  Time since last request: 0.004571 seconds.
  path: Assets/Cube Robot/demo/Scripts/Camerademo.cs
  artifactKey: Guid(6f1eb6a03d406e44ebb98fdf4fcc55be) Importer(815301076,1909f56bfc062723c751e8b465ee728b)
Start importing Assets/Cube Robot/demo/Scripts/Camerademo.cs using Guid(6f1eb6a03d406e44ebb98fdf4fcc55be) Importer(815301076,1909f56bfc062723c751e8b465ee728b)  -> (artifact id: '233abad11b695b9a90a196fbaf20f354') in 0.002018 seconds
  Import took 0.004614 seconds .

========================================================================
Received Import Request.
  Time since last request: 0.003047 seconds.
  path: Assets/Cube Robot/demo/DemoReadme.txt
  artifactKey: Guid(27880bd2c12991a42bac0c3f42d21c19) Importer(815301076,1909f56bfc062723c751e8b465ee728b)
Start importing Assets/Cube Robot/demo/DemoReadme.txt using Guid(27880bd2c12991a42bac0c3f42d21c19) Importer(815301076,1909f56bfc062723c751e8b465ee728b)  -> (artifact id: 'd83f731d8b04c454e494382b9839b88e') in 0.013898 seconds
  Import took 0.016396 seconds .

========================================================================
Received Import Request.
  Time since last request: 0.007935 seconds.
  path: Assets/MapeoUV.txt
  artifactKey: Guid(f3231444c3c418e4c84664751fedc38b) Importer(815301076,1909f56bfc062723c751e8b465ee728b)
Start importing Assets/MapeoUV.txt using Guid(f3231444c3c418e4c84664751fedc38b) Importer(815301076,1909f56bfc062723c751e8b465ee728b)  -> (artifact id: '662f618b4614f9949c02d5a3cca6478b') in 0.002433 seconds
  Import took 0.004905 seconds .

========================================================================
Received Import Request.
  Time since last request: 0.006526 seconds.
  path: Assets/Models/Drone/Materials/Drone_Specular.tga
  artifactKey: Guid(9c5ae50bf53b6494e825ab0b7161e42d) Importer(815301076,1909f56bfc062723c751e8b465ee728b)
Start importing Assets/Models/Drone/Materials/Drone_Specular.tga using Guid(9c5ae50bf53b6494e825ab0b7161e42d) Importer(815301076,1909f56bfc062723c751e8b465ee728b)  -> (artifact id: '24c37c1db037a9f6b4bed76e25928a16') in 0.007235 seconds
  Import took 0.010078 seconds .

========================================================================
Received Import Request.
  Time since last request: 0.003843 seconds.
  path: Assets/TopDown small Dungeon pack/Materials/Textures/wall_mat_roughness.png
  artifactKey: Guid(cf7d8a1a922221149b00edd8c747c427) Importer(815301076,1909f56bfc062723c751e8b465ee728b)
Start importing Assets/TopDown small Dungeon pack/Materials/Textures/wall_mat_roughness.png using Guid(cf7d8a1a922221149b00edd8c747c427) Importer(815301076,1909f56bfc062723c751e8b465ee728b)  -> (artifact id: '9f7d7eb9b53f2719f413ad9e6e9c4543') in 0.006470 seconds
  Import took 0.008830 seconds .

========================================================================
Received Import Request.
  Time since last request: 0.008358 seconds.
  path: Assets/TopDown small Dungeon pack/Materials/Textures/flor_mat_basecolor.png
  artifactKey: Guid(18f62641f2d62554dac533fade1ac489) Importer(815301076,1909f56bfc062723c751e8b465ee728b)
Start importing Assets/TopDown small Dungeon pack/Materials/Textures/flor_mat_basecolor.png using Guid(18f62641f2d62554dac533fade1ac489) Importer(815301076,1909f56bfc062723c751e8b465ee728b)  -> (artifact id: '3d86f28b8b7f573cece9bee4004df043') in 0.006931 seconds
  Import took 0.009298 seconds .

========================================================================
Received Import Request.
  Time since last request: 0.007260 seconds.
  path: Assets/TopDown small Dungeon pack/Materials/Textures/flor_mat_height.png
  artifactKey: Guid(17e9a1bce7671f74da7f2eab7205258b) Importer(815301076,1909f56bfc062723c751e8b465ee728b)
Start importing Assets/TopDown small Dungeon pack/Materials/Textures/flor_mat_height.png using Guid(17e9a1bce7671f74da7f2eab7205258b) Importer(815301076,1909f56bfc062723c751e8b465ee728b)  -> (artifact id: 'ca16abfc123a090e0919aea8e3628dfd') in 0.006365 seconds
  Import took 0.008782 seconds .

========================================================================
Received Import Request.
  Time since last request: 0.003070 seconds.
  path: Assets/Models/Demo Scene
  artifactKey: Guid(f830ee86c49bee84ca14a7b582d60e6f) Importer(815301076,1909f56bfc062723c751e8b465ee728b)
Start importing Assets/Models/Demo Scene using Guid(f830ee86c49bee84ca14a7b582d60e6f) Importer(815301076,1909f56bfc062723c751e8b465ee728b)  -> (artifact id: 'c835b3f59351c64ca9a385ef44f0b8f0') in 0.002022 seconds
  Import took 0.004202 seconds .

========================================================================
Received Import Request.
  Time since last request: 0.013814 seconds.
  path: Assets/Cube Robot/Animators/leftleg.controller
  artifactKey: Guid(7500ed9268ecd784682c60718b74c647) Importer(815301076,1909f56bfc062723c751e8b465ee728b)
Start importing Assets/Cube Robot/Animators/leftleg.controller using Guid(7500ed9268ecd784682c60718b74c647) Importer(815301076,1909f56bfc062723c751e8b465ee728b)  -> (artifact id: 'f1f8dc967ce4f0a6ce4fa9b07d6e0a34') in 0.004021 seconds
  Import took 0.006457 seconds .

========================================================================
Received Import Request.
  Time since last request: 0.002504 seconds.
  path: Assets/LowPolyDungeonsLite/Textures
  artifactKey: Guid(3ec7c105b5f5fa94387b74d69f80c162) Importer(815301076,1909f56bfc062723c751e8b465ee728b)
Start importing Assets/LowPolyDungeonsLite/Textures using Guid(3ec7c105b5f5fa94387b74d69f80c162) Importer(815301076,1909f56bfc062723c751e8b465ee728b)  -> (artifact id: 'a3f77f86e7bacfab40295ab24f85e9f5') in 0.001567 seconds
  Import took 0.003663 seconds .

========================================================================
Received Import Request.
  Time since last request: 0.018289 seconds.
  path: Assets/Cube Robot/Textures
  artifactKey: Guid(7a96b9759dd97ea44933e83fee016620) Importer(815301076,1909f56bfc062723c751e8b465ee728b)
Start importing Assets/Cube Robot/Textures using Guid(7a96b9759dd97ea44933e83fee016620) Importer(815301076,1909f56bfc062723c751e8b465ee728b)  -> (artifact id: '01cea17f4f304abcb4211d5b654dde30') in 0.001703 seconds
  Import took 0.004037 seconds .

========================================================================
Received Import Request.
  Time since last request: 0.005691 seconds.
  path: Assets/LowPolyDungeonsLite/LowPolyDungeonsLite_URP_2019.3.unitypackage
  artifactKey: Guid(35f08e2848d890c428e780b92d36e0ac) Importer(815301076,1909f56bfc062723c751e8b465ee728b)
Start importing Assets/LowPolyDungeonsLite/LowPolyDungeonsLite_URP_2019.3.unitypackage using Guid(35f08e2848d890c428e780b92d36e0ac) Importer(815301076,1909f56bfc062723c751e8b465ee728b)  -> (artifact id: '85c85b818c03e0b8644a9a815a538eeb') in 0.002285 seconds
  Import took 0.004622 seconds .

========================================================================
Received Import Request.
  Time since last request: 0.007687 seconds.
  path: Assets/LowPolyDungeonsLite/Materials
  artifactKey: Guid(1d90635a75c7dd94ca2c5ea4274f466e) Importer(815301076,1909f56bfc062723c751e8b465ee728b)
Start importing Assets/LowPolyDungeonsLite/Materials using Guid(1d90635a75c7dd94ca2c5ea4274f466e) Importer(815301076,1909f56bfc062723c751e8b465ee728b)  -> (artifact id: '3e77a5c1ad5eca729856dcd7ec1a2bf1') in 0.001550 seconds
  Import took 0.003668 seconds .

========================================================================
Received Import Request.
  Time since last request: 0.012161 seconds.
  path: Assets/TopDown small Dungeon pack/Materials/Textures
  artifactKey: Guid(3d921fd7f95da8349bd50c67659970da) Importer(815301076,1909f56bfc062723c751e8b465ee728b)
Start importing Assets/TopDown small Dungeon pack/Materials/Textures using Guid(3d921fd7f95da8349bd50c67659970da) Importer(815301076,1909f56bfc062723c751e8b465ee728b)  -> (artifact id: 'fa61e5a3d30bd6bb46a0b1566e10d9b3') in 0.001820 seconds
  Import took 0.004522 seconds .

========================================================================
Received Import Request.
  Time since last request: 0.005406 seconds.
  path: Assets/Cube Robot/demo/demo.unity
  artifactKey: Guid(86fa6b0e9e88e1c4aa101d3f6c7572c9) Importer(815301076,1909f56bfc062723c751e8b465ee728b)
Start importing Assets/Cube Robot/demo/demo.unity using Guid(86fa6b0e9e88e1c4aa101d3f6c7572c9) Importer(815301076,1909f56bfc062723c751e8b465ee728b)  -> (artifact id: '4ea28192e2b9d19fc245ec80559e82d0') in 0.002369 seconds
  Import took 0.004939 seconds .

========================================================================
Received Import Request.
  Time since last request: 0.013600 seconds.
  path: Assets/LowPolyDungeonsLite/LowPolyDungeonsLite_HDRP_2018.4.unitypackage
  artifactKey: Guid(1b1c12fd5608a1e4dab1f886facfdea3) Importer(815301076,1909f56bfc062723c751e8b465ee728b)
Start importing Assets/LowPolyDungeonsLite/LowPolyDungeonsLite_HDRP_2018.4.unitypackage using Guid(1b1c12fd5608a1e4dab1f886facfdea3) Importer(815301076,1909f56bfc062723c751e8b465ee728b)  -> (artifact id: 'd4b9be6d49f157631f39773b3c82929e') in 0.002455 seconds
  Import took 0.005083 seconds .

========================================================================
Received Import Request.
  Time since last request: 0.002962 seconds.
  path: Assets/Models/Drone/Materials/Drone_Emission.png
  artifactKey: Guid(77c248590f28d53429203128a48142f3) Importer(815301076,1909f56bfc062723c751e8b465ee728b)
Start importing Assets/Models/Drone/Materials/Drone_Emission.png using Guid(77c248590f28d53429203128a48142f3) Importer(815301076,1909f56bfc062723c751e8b465ee728b)  -> (artifact id: '3b2f90c018455facb0aa67ed57b00633') in 0.007010 seconds
  Import took 0.009676 seconds .

========================================================================
Received Import Request.
  Time since last request: 0.018058 seconds.
  path: Assets/LowPolyDungeonsLite/Textures/LowPolyDungeonsLite_Texture_01.png
  artifactKey: Guid(3368dcc05b2e368459930672ab30f04b) Importer(815301076,1909f56bfc062723c751e8b465ee728b)
Start importing Assets/LowPolyDungeonsLite/Textures/LowPolyDungeonsLite_Texture_01.png using Guid(3368dcc05b2e368459930672ab30f04b) Importer(815301076,1909f56bfc062723c751e8b465ee728b)  -> (artifact id: 'd9d34acd4ea11ef668a748de380cebe1') in 0.005903 seconds
  Import took 0.008834 seconds .

========================================================================
Received Import Request.
  Time since last request: 0.010922 seconds.
  path: Assets/Cube Robot/Textures/robotex2normal.png
  artifactKey: Guid(5db972a7818ceb349b6d99152d711e90) Importer(815301076,1909f56bfc062723c751e8b465ee728b)
Start importing Assets/Cube Robot/Textures/robotex2normal.png using Guid(5db972a7818ceb349b6d99152d711e90) Importer(815301076,1909f56bfc062723c751e8b465ee728b)  -> (artifact id: '16d848a0ba97b181a9f3c945beef1944') in 0.006651 seconds
  Import took 0.009093 seconds .

========================================================================
Received Import Request.
  Time since last request: 0.013367 seconds.
  path: Assets/Models/Drone/Materials/Drone_Occlusion.png
  artifactKey: Guid(a85419c7c384aef45b483775a3636aa1) Importer(815301076,1909f56bfc062723c751e8b465ee728b)
Start importing Assets/Models/Drone/Materials/Drone_Occlusion.png using Guid(a85419c7c384aef45b483775a3636aa1) Importer(815301076,1909f56bfc062723c751e8b465ee728b)  -> (artifact id: 'b4f4b1e2bc65336a7e2c7fb6b0d49bf0') in 0.008463 seconds
  Import took 0.011543 seconds .

========================================================================
Received Import Request.
  Time since last request: 0.003812 seconds.
  path: Assets/Shelf/shelf_S.tga
  artifactKey: Guid(d56cfd901eb0ccb43a9ffd7c622d0d5e) Importer(815301076,1909f56bfc062723c751e8b465ee728b)
Start importing Assets/Shelf/shelf_S.tga using Guid(d56cfd901eb0ccb43a9ffd7c622d0d5e) Importer(815301076,1909f56bfc062723c751e8b465ee728b)  -> (artifact id: 'f54f4625180935c62f740817a7133e90') in 0.005420 seconds
  Import took 0.007851 seconds .

========================================================================
Received Import Request.
  Time since last request: 0.002852 seconds.
  path: Assets/Cube Robot/Materials
  artifactKey: Guid(b256bb6e063b98849a627600c43d9d6e) Importer(815301076,1909f56bfc062723c751e8b465ee728b)
Start importing Assets/Cube Robot/Materials using Guid(b256bb6e063b98849a627600c43d9d6e) Importer(815301076,1909f56bfc062723c751e8b465ee728b)  -> (artifact id: '6b3e47473a22ab17974fd1fb193e9b2e') in 0.001877 seconds
  Import took 0.004473 seconds .

========================================================================
Received Import Request.
  Time since last request: 0.003250 seconds.
  path: Assets/Models/Demo Scene/Demo.unity
  artifactKey: Guid(77b58a28f538de346ba91280c18e83b3) Importer(815301076,1909f56bfc062723c751e8b465ee728b)
Start importing Assets/Models/Demo Scene/Demo.unity using Guid(77b58a28f538de346ba91280c18e83b3) Importer(815301076,1909f56bfc062723c751e8b465ee728b)  -> (artifact id: 'a2f6f03e07f0a83b20ebfd6c25992303') in 0.002847 seconds
  Import took 0.005256 seconds .

========================================================================
Received Import Request.
  Time since last request: 0.003710 seconds.
  path: Assets/Scripts/MovRobots.cs
  artifactKey: Guid(c450370ef29c90f4d9ec8e7423e751c1) Importer(815301076,1909f56bfc062723c751e8b465ee728b)
Start importing Assets/Scripts/MovRobots.cs using Guid(c450370ef29c90f4d9ec8e7423e751c1) Importer(815301076,1909f56bfc062723c751e8b465ee728b)  -> (artifact id: 'e74f396e45d33054909c2d7d7b5b4943') in 0.002705 seconds
  Import took 0.006072 seconds .

========================================================================
Received Import Request.
  Time since last request: 0.003015 seconds.
  path: Assets/Cube Robot/demo/Textures/texturefordemo.png
  artifactKey: Guid(f7197cfe9699a1648bfb74b911ce4724) Importer(815301076,1909f56bfc062723c751e8b465ee728b)
Start importing Assets/Cube Robot/demo/Textures/texturefordemo.png using Guid(f7197cfe9699a1648bfb74b911ce4724) Importer(815301076,1909f56bfc062723c751e8b465ee728b)  -> (artifact id: '195dc6262d48652306a22cb44c0973ee') in 0.006282 seconds
  Import took 0.009298 seconds .

========================================================================
Received Import Request.
  Time since last request: 0.012161 seconds.
  path: Assets/Models/Drone/Materials/Drone_Albedo.mat
  artifactKey: Guid(bd0fd92ced751ba41805b1a7282333c1) Importer(815301076,1909f56bfc062723c751e8b465ee728b)
Start importing Assets/Models/Drone/Materials/Drone_Albedo.mat using Guid(bd0fd92ced751ba41805b1a7282333c1) Importer(815301076,1909f56bfc062723c751e8b465ee728b)  -> (artifact id: 'bc5f3ccd34253496ebe807eb576c90d9') in 0.031481 seconds
  Import took 0.034754 seconds .

========================================================================
Received Import Request.
  Time since last request: 0.005956 seconds.
  path: Assets/Materials
  artifactKey: Guid(7879f2e36871453459dd30b2da2869c7) Importer(815301076,1909f56bfc062723c751e8b465ee728b)
Start importing Assets/Materials using Guid(7879f2e36871453459dd30b2da2869c7) Importer(815301076,1909f56bfc062723c751e8b465ee728b)  -> (artifact id: '4c9d77ae7b9a82027fdfdb544f7d35d4') in 0.001828 seconds
  Import took 0.004394 seconds .

========================================================================
Received Import Request.
  Time since last request: 0.023522 seconds.
  path: Assets/Scripts/RandomLights.cs
  artifactKey: Guid(0a4adbb7b0451564d96cdd87edd37fa8) Importer(815301076,1909f56bfc062723c751e8b465ee728b)
Start importing Assets/Scripts/RandomLights.cs using Guid(0a4adbb7b0451564d96cdd87edd37fa8) Importer(815301076,1909f56bfc062723c751e8b465ee728b)  -> (artifact id: '1dd1b355b9706fe23dd1c520f1182856') in 0.002514 seconds
  Import took 0.005141 seconds .

========================================================================
Received Import Request.
  Time since last request: 0.006732 seconds.
  path: Assets/Cube Robot/Readme.txt
  artifactKey: Guid(787104ff24c184a48b55a69370e19ecd) Importer(815301076,1909f56bfc062723c751e8b465ee728b)
Start importing Assets/Cube Robot/Readme.txt using Guid(787104ff24c184a48b55a69370e19ecd) Importer(815301076,1909f56bfc062723c751e8b465ee728b)  -> (artifact id: '5e7656c6433a36fd3d23dc40b91705b9') in 0.002873 seconds
  Import took 0.006127 seconds .

========================================================================
Received Import Request.
  Time since last request: 0.006933 seconds.
  path: Assets/Shelf/shelf_N.tga
  artifactKey: Guid(46243a0509e74bb45a2893e2df132275) Importer(815301076,1909f56bfc062723c751e8b465ee728b)
Start importing Assets/Shelf/shelf_N.tga using Guid(46243a0509e74bb45a2893e2df132275) Importer(815301076,1909f56bfc062723c751e8b465ee728b)  -> (artifact id: 'bea25de1f9008a37c3c38b7cb054e884') in 0.007345 seconds
  Import took 0.009911 seconds .

========================================================================
Received Import Request.
  Time since last request: 0.012620 seconds.
  path: Assets/Cube Robot/Scene
  artifactKey: Guid(5c604e1c0e16a094f8545897cd3cd107) Importer(815301076,1909f56bfc062723c751e8b465ee728b)
Start importing Assets/Cube Robot/Scene using Guid(5c604e1c0e16a094f8545897cd3cd107) Importer(815301076,1909f56bfc062723c751e8b465ee728b)  -> (artifact id: 'f1927d5cf28fdb07fb6883a2e377c14c') in 0.002144 seconds
  Import took 0.004722 seconds .

========================================================================
Received Import Request.
  Time since last request: 0.010619 seconds.
  path: Assets/Models/Drone/Materials/Drone_Albedo.png
  artifactKey: Guid(7526a412b323ee34282f01164a641d7d) Importer(815301076,1909f56bfc062723c751e8b465ee728b)
Start importing Assets/Models/Drone/Materials/Drone_Albedo.png using Guid(7526a412b323ee34282f01164a641d7d) Importer(815301076,1909f56bfc062723c751e8b465ee728b)  -> (artifact id: '73109e2ae13d48cfb0aa8b1a063039ea') in 0.007572 seconds
  Import took 0.010042 seconds .

========================================================================
Received Import Request.
  Time since last request: 0.006562 seconds.
  path: Assets/Materials/4e59a42acaef294f51e7f4e4753ce199.mat
  artifactKey: Guid(5dba8502fb8f5ce4a90eecf615e3ccc5) Importer(815301076,1909f56bfc062723c751e8b465ee728b)
Start importing Assets/Materials/4e59a42acaef294f51e7f4e4753ce199.mat using Guid(5dba8502fb8f5ce4a90eecf615e3ccc5) Importer(815301076,1909f56bfc062723c751e8b465ee728b)  -> (artifact id: '46a79e6f05f42a072ef2fea4b6d175db') in 0.008373 seconds
  Import took 0.011000 seconds .

========================================================================
Received Import Request.
  Time since last request: 0.019224 seconds.
  path: Assets/Cube Robot/Animators/lid.controller
  artifactKey: Guid(96c2b6050aca89546bb8a52aa345d6b2) Importer(815301076,1909f56bfc062723c751e8b465ee728b)
Start importing Assets/Cube Robot/Animators/lid.controller using Guid(96c2b6050aca89546bb8a52aa345d6b2) Importer(815301076,1909f56bfc062723c751e8b465ee728b)  -> (artifact id: '6c77ccecbec19b0b7bd1d79ac8d07105') in 0.003452 seconds
  Import took 0.005934 seconds .

========================================================================
Received Import Request.
  Time since last request: 0.008569 seconds.
  path: Assets/Cube Robot/Textures/robotex2yellow.png
  artifactKey: Guid(ef5199d12a4d7fe4591cfe920aec74a1) Importer(815301076,1909f56bfc062723c751e8b465ee728b)
Start importing Assets/Cube Robot/Textures/robotex2yellow.png using Guid(ef5199d12a4d7fe4591cfe920aec74a1) Importer(815301076,1909f56bfc062723c751e8b465ee728b)  -> (artifact id: '3b8000e074176859df8a878b5fd41055') in 0.007166 seconds
  Import took 0.009652 seconds .

========================================================================
Received Import Request.
  Time since last request: 0.008772 seconds.
  path: Assets/Scenes/Warehouse.unity
  artifactKey: Guid(8fd77e13dc4cbaa4c8c0dfca1c64b846) Importer(815301076,1909f56bfc062723c751e8b465ee728b)
Start importing Assets/Scenes/Warehouse.unity using Guid(8fd77e13dc4cbaa4c8c0dfca1c64b846) Importer(815301076,1909f56bfc062723c751e8b465ee728b)  -> (artifact id: 'ed54c7f517d4fcff73656b067a29cb52') in 0.002866 seconds
  Import took 0.005454 seconds .

========================================================================
Received Import Request.
  Time since last request: 0.011104 seconds.
  path: Assets/LowPolyDungeonsLite/Scenes/LowPolyDungeonsLite_Overview.unity
  artifactKey: Guid(7a5ed6b7f9c964245bbc6b499860c208) Importer(815301076,1909f56bfc062723c751e8b465ee728b)
Start importing Assets/LowPolyDungeonsLite/Scenes/LowPolyDungeonsLite_Overview.unity using Guid(7a5ed6b7f9c964245bbc6b499860c208) Importer(815301076,1909f56bfc062723c751e8b465ee728b)  -> (artifact id: '3001fc8a1d4540f4dcdc8023405459e4') in 0.002667 seconds
  Import took 0.005377 seconds .

========================================================================
Received Import Request.
  Time since last request: 0.003107 seconds.
  path: Assets/TopDown small Dungeon pack/Materials/Textures/wall_mat_normal.png
  artifactKey: Guid(3ed3272bb8923fa478262e53d9f704af) Importer(815301076,1909f56bfc062723c751e8b465ee728b)
Start importing Assets/TopDown small Dungeon pack/Materials/Textures/wall_mat_normal.png using Guid(3ed3272bb8923fa478262e53d9f704af) Importer(815301076,1909f56bfc062723c751e8b465ee728b)  -> (artifact id: '3f4e28085c902491324bd16fa25d1d9b') in 0.007387 seconds
  Import took 0.010044 seconds .

========================================================================
Received Import Request.
  Time since last request: 0.006493 seconds.
  path: Assets/Cube Robot/Textures/aura.png
  artifactKey: Guid(4c1c00cab0b849d42b2b26fc3160c3c6) Importer(815301076,1909f56bfc062723c751e8b465ee728b)
Start importing Assets/Cube Robot/Textures/aura.png using Guid(4c1c00cab0b849d42b2b26fc3160c3c6) Importer(815301076,1909f56bfc062723c751e8b465ee728b)  -> (artifact id: '786e921e5fbcf1d3c3023ca9f029dfb8') in 0.038964 seconds
  Import took 0.041409 seconds .

========================================================================
Received Import Request.
  Time since last request: 0.008537 seconds.
  path: Assets/Cube Robot/demo/Scripts/CubeRobotdemo.cs
  artifactKey: Guid(542a572845cbda344ac4606800cb33c7) Importer(815301076,1909f56bfc062723c751e8b465ee728b)
Start importing Assets/Cube Robot/demo/Scripts/CubeRobotdemo.cs using Guid(542a572845cbda344ac4606800cb33c7) Importer(815301076,1909f56bfc062723c751e8b465ee728b)  -> (artifact id: '394c422340a62274fdad8343fb363d03') in 0.002174 seconds
  Import took 0.004472 seconds .

========================================================================
Received Import Request.
  Time since last request: 0.010202 seconds.
  path: Assets/Cube Robot/Textures/robotex2green.png
  artifactKey: Guid(dfe7d42021b55da4091eed386b29481a) Importer(815301076,1909f56bfc062723c751e8b465ee728b)
Start importing Assets/Cube Robot/Textures/robotex2green.png using Guid(dfe7d42021b55da4091eed386b29481a) Importer(815301076,1909f56bfc062723c751e8b465ee728b)  -> (artifact id: '6b6de8ebbea5255b69cbedb04bcdc5d7') in 0.005816 seconds
  Import took 0.008193 seconds .

========================================================================
Received Import Request.
  Time since last request: 0.025183 seconds.
  path: Assets/Cube Robot/Animators/Head.controller
  artifactKey: Guid(770f92ab2b7fdd84ab3a324d2b8a5282) Importer(815301076,1909f56bfc062723c751e8b465ee728b)
Start importing Assets/Cube Robot/Animators/Head.controller using Guid(770f92ab2b7fdd84ab3a324d2b8a5282) Importer(815301076,1909f56bfc062723c751e8b465ee728b)  -> (artifact id: 'f5bf9e921cc7970cce1a2133d5aaac37') in 0.002652 seconds
  Import took 0.005153 seconds .

========================================================================
Received Import Request.
  Time since last request: 0.002805 seconds.
  path: Assets/Models/Drone/Materials/Drone.mat
  artifactKey: Guid(2954963d08a0b044e8f84eece7126e53) Importer(815301076,1909f56bfc062723c751e8b465ee728b)
Start importing Assets/Models/Drone/Materials/Drone.mat using Guid(2954963d08a0b044e8f84eece7126e53) Importer(815301076,1909f56bfc062723c751e8b465ee728b)  -> (artifact id: '265d7a1e32b822a83571415d01f038d1') in 0.274282 seconds
  Import took 0.277200 seconds .

========================================================================
Received Import Request.
  Time since last request: 0.008462 seconds.
  path: Assets/Cube Robot/Textures/robotex2.png
  artifactKey: Guid(e4682aed78b6cfe4b820ed04a017b164) Importer(815301076,1909f56bfc062723c751e8b465ee728b)
Start importing Assets/Cube Robot/Textures/robotex2.png using Guid(e4682aed78b6cfe4b820ed04a017b164) Importer(815301076,1909f56bfc062723c751e8b465ee728b)  -> (artifact id: '98a4889d62683fe906fb2ddb30942995') in 0.006479 seconds
  Import took 0.009035 seconds .

========================================================================
Received Import Request.
  Time since last request: 0.011343 seconds.
  path: Assets/Cube Robot/Animators/rightleg.controller
  artifactKey: Guid(98f50d3a99a019648a0eff11e0155a62) Importer(815301076,1909f56bfc062723c751e8b465ee728b)
Start importing Assets/Cube Robot/Animators/rightleg.controller using Guid(98f50d3a99a019648a0eff11e0155a62) Importer(815301076,1909f56bfc062723c751e8b465ee728b)  -> (artifact id: '14c0f979412ff4c5fa95f680b7571a4f') in 0.003733 seconds
  Import took 0.006337 seconds .

AssetImportWorkerClient::OnTransportError - code=2 error=End of file
